<?xml version="1.0" encoding="UTF-8"?>
<!-- Generated by org.testng.reporters.JUnitReportReporter -->
<testsuite skipped="1" hostname="gopal-PC" name="com.facebook.qa.testcases.LoginPageTest" tests="2" failures="0" timestamp="18 Jun 2019 19:27:27 GMT" time="29.391" errors="0">
  <testcase name="loginPageImagetest" time="29.391" classname="com.facebook.qa.testcases.LoginPageTest"/>
  <testcase name="loginPageTitleTest" classname="com.facebook.qa.testcases.LoginPageTest">
    <skipped/>
  </testcase> <!-- loginPageTitleTest -->
</testsuite> <!-- com.facebook.qa.testcases.LoginPageTest -->
